{"/Users/arinelli/Documents/GitHub/portfolio-1/components/dashboard-stats.tsx": {"path":"/Users/arinelli/Documents/GitHub/portfolio-1/components/dashboard-stats.tsx","statementMap":{"0":{"start":{"line":12,"column":24},"end":{"line":12,"column":null}},"1":{"start":{"line":3,"column":36},"end":{"line":3,"column":null}},"2":{"start":{"line":4,"column":62},"end":{"line":4,"column":null}},"3":{"start":{"line":13,"column":28},"end":{"line":13,"column":null}},"4":{"start":{"line":14,"column":32},"end":{"line":14,"column":null}},"5":{"start":{"line":16,"column":2},"end":{"line":18,"column":null}},"6":{"start":{"line":17,"column":4},"end":{"line":17,"column":null}},"7":{"start":{"line":20,"column":21},"end":{"line":35,"column":null}},"8":{"start":{"line":21,"column":4},"end":{"line":34,"column":null}},"9":{"start":{"line":22,"column":20},"end":{"line":22,"column":null}},"10":{"start":{"line":23,"column":23},"end":{"line":25,"column":null}},"11":{"start":{"line":26,"column":19},"end":{"line":26,"column":null}},"12":{"start":{"line":27,"column":6},"end":{"line":29,"column":null}},"13":{"start":{"line":28,"column":8},"end":{"line":28,"column":null}},"14":{"start":{"line":31,"column":6},"end":{"line":31,"column":null}},"15":{"start":{"line":33,"column":6},"end":{"line":33,"column":null}},"16":{"start":{"line":37,"column":2},"end":{"line":39,"column":null}},"17":{"start":{"line":41,"column":2},"end":{"line":43,"column":null}},"18":{"start":{"line":45,"column":20},"end":{"line":70,"column":null}},"19":{"start":{"line":75,"column":8},"end":{"line":75,"column":30}}},"fnMap":{"0":{"name":"DashboardStats","decl":{"start":{"line":12,"column":24},"end":{"line":12,"column":null}},"loc":{"start":{"line":12,"column":24},"end":{"line":89,"column":null}}},"1":{"name":"(anonymous_2)","decl":{"start":{"line":16,"column":12},"end":{"line":16,"column":null}},"loc":{"start":{"line":16,"column":12},"end":{"line":18,"column":5}}},"2":{"name":"(anonymous_3)","decl":{"start":{"line":20,"column":21},"end":{"line":20,"column":null}},"loc":{"start":{"line":20,"column":21},"end":{"line":35,"column":null}}},"3":{"name":"(anonymous_4)","decl":{"start":{"line":74,"column":21},"end":{"line":74,"column":22}},"loc":{"start":{"line":75,"column":8},"end":{"line":75,"column":30}}}},"branchMap":{"0":{"loc":{"start":{"line":27,"column":6},"end":{"line":29,"column":null}},"type":"if","locations":[{"start":{"line":27,"column":6},"end":{"line":29,"column":null}}]},"1":{"loc":{"start":{"line":37,"column":2},"end":{"line":39,"column":null}},"type":"if","locations":[{"start":{"line":37,"column":2},"end":{"line":39,"column":null}}]},"2":{"loc":{"start":{"line":41,"column":2},"end":{"line":43,"column":null}},"type":"if","locations":[{"start":{"line":41,"column":2},"end":{"line":43,"column":null}}]}},"s":{"0":4,"1":1,"2":1,"3":6,"4":6,"5":6,"6":4,"7":6,"8":4,"9":4,"10":4,"11":2,"12":2,"13":2,"14":1,"15":3,"16":6,"17":2,"18":1,"19":4},"f":{"0":6,"1":4,"2":4,"3":4},"b":{"0":[2],"1":[4],"2":[1]}}
,"/Users/arinelli/Documents/GitHub/portfolio-1/components/product-list.tsx": {"path":"/Users/arinelli/Documents/GitHub/portfolio-1/components/product-list.tsx","statementMap":{"0":{"start":{"line":15,"column":24},"end":{"line":15,"column":null}},"1":{"start":{"line":3,"column":36},"end":{"line":3,"column":null}},"2":{"start":{"line":4,"column":29},"end":{"line":4,"column":null}},"3":{"start":{"line":16,"column":34},"end":{"line":16,"column":null}},"4":{"start":{"line":17,"column":32},"end":{"line":17,"column":null}},"5":{"start":{"line":19,"column":2},"end":{"line":21,"column":null}},"6":{"start":{"line":20,"column":4},"end":{"line":20,"column":null}},"7":{"start":{"line":23,"column":24},"end":{"line":35,"column":null}},"8":{"start":{"line":24,"column":4},"end":{"line":34,"column":null}},"9":{"start":{"line":25,"column":23},"end":{"line":25,"column":null}},"10":{"start":{"line":26,"column":19},"end":{"line":26,"column":null}},"11":{"start":{"line":27,"column":6},"end":{"line":29,"column":null}},"12":{"start":{"line":28,"column":8},"end":{"line":28,"column":null}},"13":{"start":{"line":31,"column":6},"end":{"line":31,"column":null}},"14":{"start":{"line":33,"column":6},"end":{"line":33,"column":null}},"15":{"start":{"line":37,"column":23},"end":{"line":53,"column":null}},"16":{"start":{"line":38,"column":4},"end":{"line":38,"column":null}},"17":{"start":{"line":38,"column":67},"end":{"line":38,"column":null}},"18":{"start":{"line":40,"column":4},"end":{"line":52,"column":null}},"19":{"start":{"line":41,"column":20},"end":{"line":41,"column":null}},"20":{"start":{"line":42,"column":23},"end":{"line":45,"column":null}},"21":{"start":{"line":47,"column":6},"end":{"line":49,"column":null}},"22":{"start":{"line":48,"column":8},"end":{"line":48,"column":null}},"23":{"start":{"line":48,"column":43},"end":{"line":48,"column":null}},"24":{"start":{"line":51,"column":6},"end":{"line":51,"column":null}},"25":{"start":{"line":55,"column":2},"end":{"line":57,"column":null}},"26":{"start":{"line":87,"column":14},"end":{"line":87,"column":null}},"27":{"start":{"line":110,"column":35},"end":{"line":110,"column":null}}},"fnMap":{"0":{"name":"ProductList","decl":{"start":{"line":15,"column":24},"end":{"line":15,"column":null}},"loc":{"start":{"line":15,"column":24},"end":{"line":123,"column":null}}},"1":{"name":"(anonymous_2)","decl":{"start":{"line":19,"column":12},"end":{"line":19,"column":null}},"loc":{"start":{"line":19,"column":12},"end":{"line":21,"column":5}}},"2":{"name":"(anonymous_3)","decl":{"start":{"line":23,"column":24},"end":{"line":23,"column":null}},"loc":{"start":{"line":23,"column":24},"end":{"line":35,"column":null}}},"3":{"name":"(anonymous_4)","decl":{"start":{"line":37,"column":23},"end":{"line":37,"column":30}},"loc":{"start":{"line":37,"column":30},"end":{"line":53,"column":null}}},"4":{"name":"(anonymous_5)","decl":{"start":{"line":48,"column":36},"end":{"line":48,"column":37}},"loc":{"start":{"line":48,"column":43},"end":{"line":48,"column":null}}},"5":{"name":"(anonymous_6)","decl":{"start":{"line":86,"column":26},"end":{"line":86,"column":27}},"loc":{"start":{"line":87,"column":14},"end":{"line":87,"column":null}}},"6":{"name":"(anonymous_7)","decl":{"start":{"line":110,"column":29},"end":{"line":110,"column":35}},"loc":{"start":{"line":110,"column":35},"end":{"line":110,"column":null}}}},"branchMap":{"0":{"loc":{"start":{"line":27,"column":6},"end":{"line":29,"column":null}},"type":"if","locations":[{"start":{"line":27,"column":6},"end":{"line":29,"column":null}}]},"1":{"loc":{"start":{"line":38,"column":4},"end":{"line":38,"column":null}},"type":"if","locations":[{"start":{"line":38,"column":4},"end":{"line":38,"column":null}}]},"2":{"loc":{"start":{"line":47,"column":6},"end":{"line":49,"column":null}},"type":"if","locations":[{"start":{"line":47,"column":6},"end":{"line":49,"column":null}}]},"3":{"loc":{"start":{"line":55,"column":2},"end":{"line":57,"column":null}},"type":"if","locations":[{"start":{"line":55,"column":2},"end":{"line":57,"column":null}}]}},"s":{"0":3,"1":1,"2":1,"3":5,"4":5,"5":5,"6":3,"7":5,"8":3,"9":3,"10":2,"11":2,"12":2,"13":0,"14":2,"15":5,"16":0,"17":0,"18":0,"19":0,"20":0,"21":0,"22":0,"23":0,"24":0,"25":5,"26":1,"27":0},"f":{"0":5,"1":3,"2":3,"3":0,"4":0,"5":1,"6":0},"b":{"0":[2],"1":[0],"2":[0],"3":[3]}}
,"/Users/arinelli/Documents/GitHub/portfolio-1/lib/auth.ts": {"path":"/Users/arinelli/Documents/GitHub/portfolio-1/lib/auth.ts","statementMap":{"0":{"start":{"line":25,"column":16},"end":{"line":25,"column":30}},"1":{"start":{"line":39,"column":22},"end":{"line":39,"column":39}},"2":{"start":{"line":14,"column":22},"end":{"line":14,"column":35}},"3":{"start":{"line":18,"column":22},"end":{"line":18,"column":null}},"4":{"start":{"line":31,"column":16},"end":{"line":31,"column":28}},"5":{"start":{"line":1,"column":16},"end":{"line":1,"column":null}},"6":{"start":{"line":2,"column":19},"end":{"line":2,"column":null}},"7":{"start":{"line":3,"column":23},"end":{"line":3,"column":null}},"8":{"start":{"line":5,"column":19},"end":{"line":5,"column":null}},"9":{"start":{"line":6,"column":23},"end":{"line":6,"column":null}},"10":{"start":{"line":15,"column":2},"end":{"line":15,"column":null}},"11":{"start":{"line":22,"column":2},"end":{"line":22,"column":null}},"12":{"start":{"line":26,"column":2},"end":{"line":28,"column":null}},"13":{"start":{"line":32,"column":2},"end":{"line":36,"column":null}},"14":{"start":{"line":33,"column":4},"end":{"line":33,"column":null}},"15":{"start":{"line":35,"column":4},"end":{"line":35,"column":null}},"16":{"start":{"line":40,"column":18},"end":{"line":40,"column":null}},"17":{"start":{"line":41,"column":2},"end":{"line":41,"column":null}},"18":{"start":{"line":41,"column":16},"end":{"line":41,"column":null}},"19":{"start":{"line":43,"column":2},"end":{"line":46,"column":null}}},"fnMap":{"0":{"name":"hashPassword","decl":{"start":{"line":14,"column":22},"end":{"line":14,"column":35}},"loc":{"start":{"line":14,"column":51},"end":{"line":16,"column":null}}},"1":{"name":"verifyPassword","decl":{"start":{"line":18,"column":22},"end":{"line":18,"column":null}},"loc":{"start":{"line":20,"column":24},"end":{"line":23,"column":null}}},"2":{"name":"generateToken","decl":{"start":{"line":25,"column":16},"end":{"line":25,"column":30}},"loc":{"start":{"line":25,"column":49},"end":{"line":29,"column":null}}},"3":{"name":"verifyToken","decl":{"start":{"line":31,"column":16},"end":{"line":31,"column":28}},"loc":{"start":{"line":31,"column":41},"end":{"line":37,"column":null}}},"4":{"name":"getUserFromToken","decl":{"start":{"line":39,"column":22},"end":{"line":39,"column":39}},"loc":{"start":{"line":39,"column":52},"end":{"line":47,"column":null}}}},"branchMap":{"0":{"loc":{"start":{"line":5,"column":19},"end":{"line":5,"column":null}},"type":"binary-expr","locations":[{"start":{"line":5,"column":19},"end":{"line":5,"column":41}},{"start":{"line":5,"column":45},"end":{"line":5,"column":null}}]},"1":{"loc":{"start":{"line":6,"column":23},"end":{"line":6,"column":null}},"type":"binary-expr","locations":[{"start":{"line":6,"column":23},"end":{"line":6,"column":49}},{"start":{"line":6,"column":53},"end":{"line":6,"column":null}}]},"2":{"loc":{"start":{"line":41,"column":2},"end":{"line":41,"column":null}},"type":"if","locations":[{"start":{"line":41,"column":2},"end":{"line":41,"column":null}}]}},"s":{"0":4,"1":0,"2":7,"3":4,"4":4,"5":2,"6":2,"7":2,"8":2,"9":2,"10":7,"11":4,"12":4,"13":4,"14":4,"15":1,"16":0,"17":0,"18":0,"19":0},"f":{"0":7,"1":4,"2":4,"3":4,"4":0},"b":{"0":[2,2],"1":[2,2],"2":[0]}}
,"/Users/arinelli/Documents/GitHub/portfolio-1/lib/errors.ts": {"path":"/Users/arinelli/Documents/GitHub/portfolio-1/lib/errors.ts","statementMap":{"0":{"start":{"line":1,"column":13},"end":{"line":1,"column":30}},"1":{"start":{"line":20,"column":13},"end":{"line":20,"column":41}},"2":{"start":{"line":27,"column":13},"end":{"line":27,"column":40}},"3":{"start":{"line":41,"column":13},"end":{"line":41,"column":35}},"4":{"start":{"line":48,"column":13},"end":{"line":48,"column":35}},"5":{"start":{"line":34,"column":13},"end":{"line":34,"column":35}},"6":{"start":{"line":13,"column":13},"end":{"line":13,"column":37}},"7":{"start":{"line":7,"column":4},"end":{"line":5,"column":24}},"8":{"start":{"line":8,"column":4},"end":{"line":8,"column":null}},"9":{"start":{"line":9,"column":4},"end":{"line":9,"column":null}},"10":{"start":{"line":15,"column":4},"end":{"line":14,"column":55}},"11":{"start":{"line":16,"column":4},"end":{"line":16,"column":null}},"12":{"start":{"line":22,"column":4},"end":{"line":22,"column":null}},"13":{"start":{"line":23,"column":4},"end":{"line":23,"column":null}},"14":{"start":{"line":29,"column":4},"end":{"line":29,"column":null}},"15":{"start":{"line":30,"column":4},"end":{"line":30,"column":null}},"16":{"start":{"line":36,"column":4},"end":{"line":36,"column":null}},"17":{"start":{"line":37,"column":4},"end":{"line":37,"column":null}},"18":{"start":{"line":43,"column":4},"end":{"line":43,"column":null}},"19":{"start":{"line":44,"column":4},"end":{"line":44,"column":null}},"20":{"start":{"line":50,"column":4},"end":{"line":50,"column":null}},"21":{"start":{"line":51,"column":4},"end":{"line":51,"column":null}}},"fnMap":{"0":{"name":"(anonymous_8)","decl":{"start":{"line":2,"column":2},"end":{"line":2,"column":null}},"loc":{"start":{"line":6,"column":4},"end":{"line":10,"column":null}}},"1":{"name":"(anonymous_9)","decl":{"start":{"line":14,"column":2},"end":{"line":14,"column":14}},"loc":{"start":{"line":14,"column":57},"end":{"line":17,"column":null}}},"2":{"name":"(anonymous_10)","decl":{"start":{"line":21,"column":2},"end":{"line":21,"column":14}},"loc":{"start":{"line":21,"column":57},"end":{"line":24,"column":null}}},"3":{"name":"(anonymous_11)","decl":{"start":{"line":28,"column":2},"end":{"line":28,"column":14}},"loc":{"start":{"line":28,"column":60},"end":{"line":31,"column":null}}},"4":{"name":"(anonymous_12)","decl":{"start":{"line":35,"column":2},"end":{"line":35,"column":14}},"loc":{"start":{"line":35,"column":45},"end":{"line":38,"column":null}}},"5":{"name":"(anonymous_13)","decl":{"start":{"line":42,"column":2},"end":{"line":42,"column":14}},"loc":{"start":{"line":42,"column":31},"end":{"line":45,"column":null}}},"6":{"name":"(anonymous_14)","decl":{"start":{"line":49,"column":2},"end":{"line":49,"column":14}},"loc":{"start":{"line":49,"column":61},"end":{"line":52,"column":null}}}},"branchMap":{"0":{"loc":{"start":{"line":4,"column":4},"end":{"line":4,"column":35}},"type":"default-arg","locations":[{"start":{"line":4,"column":32},"end":{"line":4,"column":35}}]},"1":{"loc":{"start":{"line":21,"column":14},"end":{"line":21,"column":55}},"type":"default-arg","locations":[{"start":{"line":21,"column":32},"end":{"line":21,"column":55}}]},"2":{"loc":{"start":{"line":28,"column":14},"end":{"line":28,"column":58}},"type":"default-arg","locations":[{"start":{"line":28,"column":32},"end":{"line":28,"column":58}}]},"3":{"loc":{"start":{"line":35,"column":14},"end":{"line":35,"column":43}},"type":"default-arg","locations":[{"start":{"line":35,"column":33},"end":{"line":35,"column":43}}]},"4":{"loc":{"start":{"line":49,"column":14},"end":{"line":49,"column":59}},"type":"default-arg","locations":[{"start":{"line":49,"column":32},"end":{"line":49,"column":59}}]}},"s":{"0":2,"1":2,"2":1,"3":1,"4":1,"5":1,"6":2,"7":10,"8":10,"9":10,"10":2,"11":2,"12":2,"13":2,"14":1,"15":1,"16":1,"17":1,"18":1,"19":1,"20":1,"21":1},"f":{"0":10,"1":2,"2":2,"3":1,"4":1,"5":1,"6":1},"b":{"0":[0],"1":[1],"2":[1],"3":[0],"4":[1]}}
,"/Users/arinelli/Documents/GitHub/portfolio-1/lib/validations.ts": {"path":"/Users/arinelli/Documents/GitHub/portfolio-1/lib/validations.ts","statementMap":{"0":{"start":{"line":3,"column":13},"end":{"line":3,"column":27}},"1":{"start":{"line":23,"column":13},"end":{"line":23,"column":27}},"2":{"start":{"line":14,"column":13},"end":{"line":14,"column":29}},"3":{"start":{"line":8,"column":13},"end":{"line":8,"column":30}},"4":{"start":{"line":1,"column":18},"end":{"line":1,"column":null}},"5":{"start":{"line":3,"column":27},"end":{"line":6,"column":null}},"6":{"start":{"line":8,"column":30},"end":{"line":12,"column":null}},"7":{"start":{"line":14,"column":29},"end":{"line":21,"column":null}},"8":{"start":{"line":23,"column":27},"end":{"line":32,"column":null}}},"fnMap":{},"branchMap":{},"s":{"0":3,"1":3,"2":3,"3":0,"4":1,"5":1,"6":1,"7":1,"8":1},"f":{},"b":{}}
}
