TN:
SF:components/dashboard-stats.tsx
FN:12,DashboardStats
FN:16,(anonymous_2)
FN:20,(anonymous_3)
FN:74,(anonymous_4)
FNF:4
FNH:4
FNDA:6,DashboardStats
FNDA:4,(anonymous_2)
FNDA:4,(anonymous_3)
FNDA:4,(anonymous_4)
DA:3,1
DA:4,1
DA:12,4
DA:13,6
DA:14,6
DA:16,6
DA:17,4
DA:20,6
DA:21,4
DA:22,4
DA:23,4
DA:26,2
DA:27,2
DA:28,2
DA:31,1
DA:33,3
DA:37,6
DA:41,2
DA:45,1
DA:75,4
LF:20
LH:20
BRDA:27,0,0,2
BRDA:37,1,0,4
BRDA:41,2,0,1
BRF:3
BRH:3
end_of_record
TN:
SF:components/product-list.tsx
FN:15,ProductList
FN:19,(anonymous_2)
FN:23,(anonymous_3)
FN:37,(anonymous_4)
FN:48,(anonymous_5)
FN:86,(anonymous_6)
FN:110,(anonymous_7)
FNF:7
FNH:4
FNDA:5,ProductList
FNDA:3,(anonymous_2)
FNDA:3,(anonymous_3)
FNDA:0,(anonymous_4)
FNDA:0,(anonymous_5)
FNDA:1,(anonymous_6)
FNDA:0,(anonymous_7)
DA:3,1
DA:4,1
DA:15,3
DA:16,5
DA:17,5
DA:19,5
DA:20,3
DA:23,5
DA:24,3
DA:25,3
DA:26,2
DA:27,2
DA:28,2
DA:31,0
DA:33,2
DA:37,5
DA:38,0
DA:40,0
DA:41,0
DA:42,0
DA:47,0
DA:48,0
DA:51,0
DA:55,5
DA:87,1
DA:110,0
LF:26
LH:17
BRDA:27,0,0,2
BRDA:38,1,0,0
BRDA:47,2,0,0
BRDA:55,3,0,3
BRF:4
BRH:2
end_of_record
TN:
SF:lib/auth.ts
FN:14,hashPassword
FN:18,verifyPassword
FN:25,generateToken
FN:31,verifyToken
FN:39,getUserFromToken
FNF:5
FNH:4
FNDA:7,hashPassword
FNDA:4,verifyPassword
FNDA:4,generateToken
FNDA:4,verifyToken
FNDA:0,getUserFromToken
DA:1,2
DA:2,2
DA:3,2
DA:5,2
DA:6,2
DA:14,7
DA:15,7
DA:18,4
DA:22,4
DA:25,4
DA:26,4
DA:31,4
DA:32,4
DA:33,4
DA:35,1
DA:39,0
DA:40,0
DA:41,0
DA:43,0
LF:19
LH:15
BRDA:5,0,0,2
BRDA:5,0,1,2
BRDA:6,1,0,2
BRDA:6,1,1,2
BRDA:41,2,0,0
BRF:5
BRH:4
end_of_record
TN:
SF:lib/errors.ts
FN:2,(anonymous_8)
FN:14,(anonymous_9)
FN:21,(anonymous_10)
FN:28,(anonymous_11)
FN:35,(anonymous_12)
FN:42,(anonymous_13)
FN:49,(anonymous_14)
FNF:7
FNH:7
FNDA:10,(anonymous_8)
FNDA:2,(anonymous_9)
FNDA:2,(anonymous_10)
FNDA:1,(anonymous_11)
FNDA:1,(anonymous_12)
FNDA:1,(anonymous_13)
FNDA:1,(anonymous_14)
DA:1,2
DA:7,10
DA:8,10
DA:9,10
DA:13,2
DA:15,2
DA:16,2
DA:20,2
DA:22,2
DA:23,2
DA:27,1
DA:29,1
DA:30,1
DA:34,1
DA:36,1
DA:37,1
DA:41,1
DA:43,1
DA:44,1
DA:48,1
DA:50,1
DA:51,1
LF:22
LH:22
BRDA:4,0,0,0
BRDA:21,1,0,1
BRDA:28,2,0,1
BRDA:35,3,0,0
BRDA:49,4,0,1
BRF:5
BRH:3
end_of_record
TN:
SF:lib/validations.ts
FNF:0
FNH:0
DA:1,1
DA:3,3
DA:8,1
DA:14,3
DA:23,3
LF:5
LH:5
BRF:0
BRH:0
end_of_record
